<?xml version="1.0" encoding="UTF-8"?>
<!-- Generated by org.testng.reporters.JUnitXMLReporter -->
<testsuite hostname="C40sf-118-" name="Test4" tests="4" failures="0" timestamp="13 Jun 2017 14:03:00 GMT" time="185.463" errors="0">
  <testcase name="openPurchaseOrderRelease" time="7.782" classname="testScripts.ReleasePO"/>
  <testcase name="savePO" time="29.107" classname="testScripts.ReleasePO"/>
  <testcase name="releasePO" time="78.116" classname="testScripts.ReleasePO"/>
  <testcase name="confirmPO" time="70.027" classname="testScripts.ReleasePO"/>
</testsuite> <!-- Test4 -->
