<?xml version="1.0" encoding="UTF-8"?>
<!-- Generated by org.testng.reporters.JUnitXMLReporter -->
<testsuite hostname="C40-SF-22" name="Test4" tests="4" failures="0" timestamp="11 May 2017 07:30:55 GMT" time="204.953" errors="0">
  <testcase name="openPurchaseOrderRelease" time="5.5" classname="testScripts.ReleasePO"/>
  <testcase name="savePO" time="55.178" classname="testScripts.ReleasePO"/>
  <testcase name="releasePO" time="66.196" classname="testScripts.ReleasePO"/>
  <testcase name="confirmPO" time="42.229" classname="testScripts.ReleasePO"/>
</testsuite> <!-- Test4 -->
