<?xml version="1.0" encoding="UTF-8"?>
<!-- Generated by org.testng.reporters.JUnitXMLReporter -->
<testsuite hostname="C40-SF-22" name="Test3" tests="6" failures="3" timestamp="8 Mar 2017 15:04:53 GMT" time="136.079" errors="0">
  <testcase name="openPurchaseOrderRelease" time="4.657" classname="testScripts.ReleasePO"/>
  <testcase name="savePO" time="29.074" classname="testScripts.ReleasePO"/>
  <testcase name="releasePO" time="29.089" classname="testScripts.ReleasePO"/>
  <testcase name="confirmPO" time="19.714" classname="testScripts.ReleasePO">
    <failure type="java.lang.AssertionError" message="expected [true] but found [false]">
      <![CDATA[java.lang.AssertionError: expected [true] but found [false]
	at testScripts.ReleasePO.confirmPO(ReleasePO.java:148)
... Removed 28 stack frames]]>
    </failure>
  </testcase> <!-- confirmPO -->
  <testcase name="open" time="9.192" classname="testScripts.ThirdPartyProgress">
    <failure type="java.lang.AssertionError" message="expected [true] but found [false]">
      <![CDATA[java.lang.AssertionError: expected [true] but found [false]
	at testScripts.ThirdPartyProgress.open(ThirdPartyProgress.java:77)
... Removed 28 stack frames]]>
    </failure>
  </testcase> <!-- open -->
  <testcase name="open" time="0.224" classname="testScripts.UpfitProgress">
    <failure type="java.lang.AssertionError" message="expected [true] but found [false]">
      <![CDATA[java.lang.AssertionError: expected [true] but found [false]
	at testScripts.UpfitProgress.open(UpfitProgress.java:78)
... Removed 28 stack frames]]>
    </failure>
  </testcase> <!-- open -->
</testsuite> <!-- Test3 -->
