<?xml version="1.0" encoding="UTF-8"?>
<!-- Generated by org.testng.reporters.JUnitXMLReporter -->
<testsuite hostname="C40sf-118-" name="Test3" tests="2" failures="1" timestamp="2 Jun 2017 10:32:50 GMT" time="199.331" errors="0">
  <testcase name="openAcceptanceQueue" time="12.153" classname="testScripts.AcceptQueue">
    <failure type="java.lang.AssertionError" message="expected [true] but found [false]">
      <![CDATA[java.lang.AssertionError: expected [true] but found [false]
	at testScripts.AcceptQueue.openAcceptanceQueue(AcceptQueue.java:66)
... Removed 28 stack frames]]>
    </failure>
  </testcase> <!-- openAcceptanceQueue -->
  <testcase name="acceptQueue" time="37.187" classname="testScripts.AcceptQueue"/>
</testsuite> <!-- Test3 -->
