<?xml version="1.0" encoding="UTF-8"?>
<!-- Generated by org.testng.reporters.JUnitXMLReporter -->
<testsuite hostname="C40-SF-22" name="Test5" tests="1" failures="1" timestamp="27 Feb 2017 13:57:35 GMT" time="25.198" errors="0">
  <testcase name="UntRec" time="24.584" classname="testScripts.UnitReconcile">
    <failure type="java.lang.AssertionError" message="expected [true] but found [false]">
      <![CDATA[java.lang.AssertionError: expected [true] but found [false]
	at testScripts.UnitReconcile.UntRec(UnitReconcile.java:68)
... Removed 28 stack frames]]>
    </failure>
  </testcase> <!-- UntRec -->
</testsuite> <!-- Test5 -->
