<?xml version="1.0" encoding="UTF-8"?>
<!-- Generated by org.testng.reporters.JUnitXMLReporter -->
<testsuite hostname="C40-SF-22" name="Test2" tests="1" failures="1" timestamp="11 Apr 2017 09:56:46 GMT" time="5.224" errors="0">
  <testcase name="loginQA" time="5.205" classname="testScripts.VisionLogin">
    <failure type="java.lang.AssertionError" message="expected [true] but found [false]">
      <![CDATA[java.lang.AssertionError: expected [true] but found [false]
	at testScripts.VisionLogin.loginQA(VisionLogin.java:52)
... Removed 31 stack frames]]>
    </failure>
  </testcase> <!-- loginQA -->
</testsuite> <!-- Test2 -->
