<?xml version="1.0" encoding="UTF-8"?>
<!-- Generated by org.testng.reporters.JUnitXMLReporter -->
<testsuite hostname="C40-SF-22" name="Test3" tests="1" failures="1" timestamp="21 Feb 2017 11:10:23 GMT" time="1.349" errors="0">
  <testcase name="UntRec" time="0.763" classname="testScripts.UnitReconcile">
    <failure type="java.lang.AssertionError" message="expected [true] but found [false]">
      <![CDATA[java.lang.AssertionError: expected [true] but found [false]
	at testScripts.UnitReconcile.UntRec(UnitReconcile.java:67)
... Removed 31 stack frames]]>
    </failure>
  </testcase> <!-- UntRec -->
</testsuite> <!-- Test3 -->
