<?xml version="1.0" encoding="UTF-8"?>
<testsuite xmlns:xsi="http://www.w3.org/2001/XMLSchema-instance" xsi:schemaLocation="https://maven.apache.org/surefire/maven-surefire-plugin/xsd/surefire-test-report.xsd" name="TestSuite" time="17.878" tests="2" errors="0" skipped="0" failures="1">
  <properties>
[...]
</properties>
  <testcase name="loginQA" classname="testScripts.VisionLogin" time="10.357"/>
  <testcase name="UntRec" classname="testScripts.UnitReconcile" time="0.772">
    <failure message="expected [true] but found [false]" type="java.lang.AssertionError">java.lang.AssertionError: expected [true] but found [false]
	at testScripts.UnitReconcile.UntRec(UnitReconcile.java:67)
</failure>
    <system-out><![CDATA[Element <a id="menuForm:j_idt19:2:j_idt21:1:j_idt22" href="#" class="ui-commandlink ui-widget" onclick="PrimeFaces.addSubmitParam('menuForm',{'menuForm:j_idt19:2:j_idt21:1:j_idt22':'menuForm:j_idt19:2:j_idt21:1:j_idt22'}).submit('menuForm');return false;"></a> is not clickable at point (86.80000305175781, 277.95001220703125). Other element would receive the click: <div id="dvQuickModal" class="ModalScreen" style="display: inline; height: 100%; width: 100%;"></div>
Command duration or timeout: 96 milliseconds
Build info: version: '3.0.1', revision: '1969d75', time: '2016-10-18 09:49:13 -0700'
System info: host: 'C40-SF-22', ip: '10.131.80.30', os.name: 'Windows 7', os.arch: 'amd64', os.version: '6.1', java.version: '1.8.0_102'
Driver info: org.openqa.selenium.firefox.FirefoxDriver
Capabilities [{applicationCacheEnabled=true, rotatable=false, handlesAlerts=true, databaseEnabled=true, version=44.0, platform=WINDOWS, nativeEvents=false, acceptSslCerts=true, webStorageEnabled=true, locationContextEnabled=true, browserName=firefox, takesScreenshot=true, javascriptEnabled=true, cssSelectorsEnabled=true}]
Session ID: 25ce3357-dfe2-4897-b059-03f192d853b9
]]></system-out>
  </testcase>
</testsuite>