<?xml version="1.0" encoding="UTF-8"?>
<testng-results skipped="0" failed="0" total="2" passed="2">
  <reporter-output>
  </reporter-output>
  <suite name="Suite" duration-ms="96180" started-at="2017-07-06T12:41:26Z" finished-at="2017-07-06T12:43:03Z">
    <groups>
    </groups>
    <test name="Test1" duration-ms="3" started-at="2017-07-06T12:41:26Z" finished-at="2017-07-06T12:41:26Z">
    </test> <!-- Test1 -->
    <test name="Test2" duration-ms="8715" started-at="2017-07-06T12:41:26Z" finished-at="2017-07-06T12:41:35Z">
      <class name="testScripts.VisionLogin">
        <test-method status="PASS" signature="beforeMethod()[pri:0, instance:testScripts.VisionLogin@3234e239]" name="beforeMethod" is-config="true" duration-ms="0" started-at="2017-07-06T18:11:26Z" finished-at="2017-07-06T18:11:26Z">
          <reporter-output>
          </reporter-output>
        </test-method> <!-- beforeMethod -->
        <test-method status="PASS" signature="loginQA(java.lang.String, java.lang.String, java.lang.String, java.lang.String)[pri:0, instance:testScripts.VisionLogin@3234e239]" name="loginQA" duration-ms="8574" started-at="2017-07-06T18:11:26Z" finished-at="2017-07-06T18:11:35Z">
          <params>
            <param index="0">
              <value>
                <![CDATA[STG1]]>
              </value>
            </param>
            <param index="1">
              <value>
                <![CDATA[rajput]]>
              </value>
            </param>
            <param index="2">
              <value>
                <![CDATA[1154986626]]>
              </value>
            </param>
            <param index="3">
              <value>
                <![CDATA[YES]]>
              </value>
            </param>
          </params>
          <reporter-output>
          </reporter-output>
        </test-method> <!-- loginQA -->
        <test-method status="PASS" signature="AfterMethod()[pri:0, instance:testScripts.VisionLogin@3234e239]" name="AfterMethod" is-config="true" duration-ms="136" started-at="2017-07-06T18:11:35Z" finished-at="2017-07-06T18:11:35Z">
          <reporter-output>
          </reporter-output>
        </test-method> <!-- AfterMethod -->
      </class> <!-- testScripts.VisionLogin -->
    </test> <!-- Test2 -->
    <test name="Test9" duration-ms="87429" started-at="2017-07-06T12:41:35Z" finished-at="2017-07-06T12:43:03Z">
      <class name="testScripts.InService">
        <test-method status="PASS" signature="startTesting(java.lang.String, java.lang.String)[pri:0, instance:testScripts.InService@9a7504c]" name="startTesting" is-config="true" duration-ms="3224" started-at="2017-07-06T18:11:23Z" finished-at="2017-07-06T18:11:26Z">
          <params>
            <param index="0">
              <value>
                <![CDATA[IE]]>
              </value>
            </param>
            <param index="1">
              <value>
                <![CDATA[STG1]]>
              </value>
            </param>
          </params>
          <reporter-output>
          </reporter-output>
        </test-method> <!-- startTesting -->
        <test-method status="PASS" signature="refresh(java.lang.String)[pri:0, instance:testScripts.InService@9a7504c]" name="refresh" is-config="true" duration-ms="40473" started-at="2017-07-06T18:11:35Z" finished-at="2017-07-06T18:12:16Z">
          <params>
            <param index="0">
              <value>
                <![CDATA[STG1]]>
              </value>
            </param>
          </params>
          <reporter-output>
          </reporter-output>
        </test-method> <!-- refresh -->
        <test-method status="PASS" signature="beforeMethod()[pri:0, instance:testScripts.InService@9a7504c]" name="beforeMethod" is-config="true" duration-ms="0" started-at="2017-07-06T18:12:16Z" finished-at="2017-07-06T18:12:16Z">
          <reporter-output>
          </reporter-output>
        </test-method> <!-- beforeMethod -->
        <test-method status="PASS" signature="enterInServiceDate()[pri:1, instance:testScripts.InService@9a7504c]" name="enterInServiceDate" duration-ms="46836" started-at="2017-07-06T18:12:16Z" finished-at="2017-07-06T18:13:03Z">
          <reporter-output>
          </reporter-output>
        </test-method> <!-- enterInServiceDate -->
        <test-method status="PASS" signature="AfterMethod()[pri:0, instance:testScripts.InService@9a7504c]" name="AfterMethod" is-config="true" duration-ms="117" started-at="2017-07-06T18:13:03Z" finished-at="2017-07-06T18:13:03Z">
          <reporter-output>
          </reporter-output>
        </test-method> <!-- AfterMethod -->
        <test-method status="PASS" signature="endScript()[pri:0, instance:testScripts.InService@9a7504c]" name="endScript" is-config="true" duration-ms="261" started-at="2017-07-06T18:13:03Z" finished-at="2017-07-06T18:13:03Z">
          <reporter-output>
          </reporter-output>
        </test-method> <!-- endScript -->
      </class> <!-- testScripts.InService -->
    </test> <!-- Test9 -->
  </suite> <!-- Suite -->
</testng-results>
