<?xml version="1.0" encoding="UTF-8"?>
<testng-results skipped="0" failed="0" total="0" passed="0">
  <reporter-output>
  </reporter-output>
  <suite name="MySuite" duration-ms="3" started-at="2017-07-19T08:23:01Z" finished-at="2017-07-19T08:23:01Z">
    <groups>
    </groups>
    <test name="Test1" duration-ms="3" started-at="2017-07-19T08:23:01Z" finished-at="2017-07-19T08:23:01Z">
      <class name="core.Core">
        <test-method status="PASS" signature="startTesting(java.lang.String, java.lang.String, java.lang.String)[pri:0, instance:core.Core@33c7e1bb]" name="startTesting" is-config="true" duration-ms="2876" started-at="2017-07-19T13:52:58Z" finished-at="2017-07-19T13:53:01Z">
          <params>
            <param index="0">
              <value>
                <![CDATA[IE]]>
              </value>
            </param>
            <param index="1">
              <value>
                <![CDATA[STG1]]>
              </value>
            </param>
            <param index="2">
              <value>
                <![CDATA[1]]>
              </value>
            </param>
          </params>
          <reporter-output>
          </reporter-output>
        </test-method> <!-- startTesting -->
        <test-method status="PASS" signature="endScript()[pri:0, instance:core.Core@33c7e1bb]" name="endScript" is-config="true" duration-ms="330" started-at="2017-07-19T13:53:01Z" finished-at="2017-07-19T13:53:01Z">
          <reporter-output>
          </reporter-output>
        </test-method> <!-- endScript -->
      </class> <!-- core.Core -->
    </test> <!-- Test1 -->
  </suite> <!-- MySuite -->
</testng-results>
