<?xml version="1.0" encoding="UTF-8"?>
<testng-results skipped="0" failed="0" total="2" passed="2">
  <reporter-output>
  </reporter-output>
  <suite name="Suite" duration-ms="46171" started-at="2017-05-11T15:00:24Z" finished-at="2017-05-11T15:01:10Z">
    <groups>
    </groups>
    <test name="Test1" duration-ms="10" started-at="2017-05-11T15:00:24Z" finished-at="2017-05-11T15:00:24Z">
    </test> <!-- Test1 -->
    <test name="Test2" duration-ms="10614" started-at="2017-05-11T15:00:24Z" finished-at="2017-05-11T15:00:35Z">
      <class name="testScripts.VisionLogin">
        <test-method status="PASS" signature="beforeMethod()[pri:0, instance:testScripts.VisionLogin@42f93a98]" name="beforeMethod" is-config="true" duration-ms="0" started-at="2017-05-11T20:30:24Z" finished-at="2017-05-11T20:30:24Z">
          <reporter-output>
          </reporter-output>
        </test-method> <!-- beforeMethod -->
        <test-method status="PASS" signature="loginQA(java.lang.String)[pri:0, instance:testScripts.VisionLogin@42f93a98]" name="loginQA" duration-ms="10464" started-at="2017-05-11T20:30:24Z" finished-at="2017-05-11T20:30:34Z">
          <params>
            <param index="0">
              <value>
                <![CDATA[QA2]]>
              </value>
            </param>
          </params>
          <reporter-output>
          </reporter-output>
        </test-method> <!-- loginQA -->
        <test-method status="PASS" signature="AfterMethod()[pri:0, instance:testScripts.VisionLogin@42f93a98]" name="AfterMethod" is-config="true" duration-ms="150" started-at="2017-05-11T20:30:34Z" finished-at="2017-05-11T20:30:35Z">
          <reporter-output>
          </reporter-output>
        </test-method> <!-- AfterMethod -->
      </class> <!-- testScripts.VisionLogin -->
    </test> <!-- Test2 -->
    <test name="Test9" duration-ms="35507" started-at="2017-05-11T15:00:35Z" finished-at="2017-05-11T15:01:10Z">
      <class name="testScripts.InService">
        <test-method status="PASS" signature="startTesting(java.lang.String, java.lang.String)[pri:0, instance:testScripts.InService@1d8d30f7]" name="startTesting" is-config="true" duration-ms="3503" started-at="2017-05-11T20:30:20Z" finished-at="2017-05-11T20:30:24Z">
          <params>
            <param index="0">
              <value>
                <![CDATA[IE]]>
              </value>
            </param>
            <param index="1">
              <value>
                <![CDATA[QA2]]>
              </value>
            </param>
          </params>
          <reporter-output>
          </reporter-output>
        </test-method> <!-- startTesting -->
        <test-method status="PASS" signature="beforeMethod()[pri:0, instance:testScripts.InService@1d8d30f7]" name="beforeMethod" is-config="true" duration-ms="0" started-at="2017-05-11T20:30:35Z" finished-at="2017-05-11T20:30:35Z">
          <reporter-output>
          </reporter-output>
        </test-method> <!-- beforeMethod -->
        <test-method status="PASS" signature="refresh(java.lang.String)[pri:0, instance:testScripts.InService@1d8d30f7]" name="refresh" is-config="true" duration-ms="0" started-at="2017-05-11T20:30:35Z" finished-at="2017-05-11T20:30:35Z">
          <params>
            <param index="0">
              <value>
                <![CDATA[QA2]]>
              </value>
            </param>
          </params>
          <reporter-output>
          </reporter-output>
        </test-method> <!-- refresh -->
        <test-method status="PASS" signature="enterInServiceDate()[pri:1, instance:testScripts.InService@1d8d30f7]" name="enterInServiceDate" duration-ms="35327" started-at="2017-05-11T20:30:35Z" finished-at="2017-05-11T20:31:10Z">
          <reporter-output>
          </reporter-output>
        </test-method> <!-- enterInServiceDate -->
        <test-method status="PASS" signature="AfterMethod()[pri:0, instance:testScripts.InService@1d8d30f7]" name="AfterMethod" is-config="true" duration-ms="180" started-at="2017-05-11T20:31:10Z" finished-at="2017-05-11T20:31:10Z">
          <reporter-output>
          </reporter-output>
        </test-method> <!-- AfterMethod -->
        <test-method status="PASS" signature="endScript()[pri:0, instance:testScripts.InService@1d8d30f7]" name="endScript" is-config="true" duration-ms="270" started-at="2017-05-11T20:31:10Z" finished-at="2017-05-11T20:31:10Z">
          <reporter-output>
          </reporter-output>
        </test-method> <!-- endScript -->
      </class> <!-- testScripts.InService -->
    </test> <!-- Test9 -->
  </suite> <!-- Suite -->
</testng-results>
