<?xml version="1.0" encoding="UTF-8"?>
<testng-results skipped="0" failed="0" total="5" passed="5">
  <reporter-output>
  </reporter-output>
  <suite name="Suite" duration-ms="192962" started-at="2017-06-13T13:59:47Z" finished-at="2017-06-13T14:03:00Z">
    <groups>
    </groups>
    <test name="Test1" duration-ms="3" started-at="2017-06-13T13:59:47Z" finished-at="2017-06-13T13:59:47Z">
    </test> <!-- Test1 -->
    <test name="Test2" duration-ms="7463" started-at="2017-06-13T13:59:48Z" finished-at="2017-06-13T13:59:55Z">
      <class name="testScripts.VisionLogin">
        <test-method status="PASS" signature="beforeMethod()[pri:0, instance:testScripts.VisionLogin@36b4cef0]" name="beforeMethod" is-config="true" duration-ms="0" started-at="2017-06-13T19:29:48Z" finished-at="2017-06-13T19:29:48Z">
          <reporter-output>
          </reporter-output>
        </test-method> <!-- beforeMethod -->
        <test-method status="PASS" signature="loginQA(java.lang.String, java.lang.String, java.lang.String, java.lang.String)[pri:0, instance:testScripts.VisionLogin@36b4cef0]" name="loginQA" duration-ms="7332" started-at="2017-06-13T19:29:48Z" finished-at="2017-06-13T19:29:55Z">
          <params>
            <param index="0">
              <value>
                <![CDATA[QA1]]>
              </value>
            </param>
            <param index="1">
              <value>
                <![CDATA[rajput]]>
              </value>
            </param>
            <param index="2">
              <value>
                <![CDATA[1113723997]]>
              </value>
            </param>
            <param index="3">
              <value>
                <![CDATA[NO]]>
              </value>
            </param>
          </params>
          <reporter-output>
          </reporter-output>
        </test-method> <!-- loginQA -->
        <test-method status="PASS" signature="AfterMethod()[pri:0, instance:testScripts.VisionLogin@36b4cef0]" name="AfterMethod" is-config="true" duration-ms="127" started-at="2017-06-13T19:29:55Z" finished-at="2017-06-13T19:29:55Z">
          <reporter-output>
          </reporter-output>
        </test-method> <!-- AfterMethod -->
      </class> <!-- testScripts.VisionLogin -->
    </test> <!-- Test2 -->
    <test name="Test4" duration-ms="185463" started-at="2017-06-13T13:59:55Z" finished-at="2017-06-13T14:03:00Z">
      <class name="testScripts.ReleasePO">
        <test-method status="PASS" signature="startTesting(java.lang.String, java.lang.String)[pri:0, instance:testScripts.ReleasePO@587d1d39]" name="startTesting" is-config="true" duration-ms="3200" started-at="2017-06-13T19:29:44Z" finished-at="2017-06-13T19:29:47Z">
          <params>
            <param index="0">
              <value>
                <![CDATA[IE]]>
              </value>
            </param>
            <param index="1">
              <value>
                <![CDATA[QA1]]>
              </value>
            </param>
          </params>
          <reporter-output>
          </reporter-output>
        </test-method> <!-- startTesting -->
        <test-method status="PASS" signature="refresh(java.lang.String)[pri:0, instance:testScripts.ReleasePO@587d1d39]" name="refresh" is-config="true" duration-ms="0" started-at="2017-06-13T19:29:55Z" finished-at="2017-06-13T19:29:55Z">
          <params>
            <param index="0">
              <value>
                <![CDATA[QA1]]>
              </value>
            </param>
          </params>
          <reporter-output>
          </reporter-output>
        </test-method> <!-- refresh -->
        <test-method status="PASS" signature="openPurchaseOrderRelease()[pri:1, instance:testScripts.ReleasePO@587d1d39]" name="openPurchaseOrderRelease" duration-ms="7782" started-at="2017-06-13T19:29:55Z" finished-at="2017-06-13T19:30:03Z">
          <reporter-output>
          </reporter-output>
        </test-method> <!-- openPurchaseOrderRelease -->
        <test-method status="PASS" signature="beforeMethod()[pri:0, instance:testScripts.ReleasePO@587d1d39]" name="beforeMethod" is-config="true" duration-ms="0" started-at="2017-06-13T19:29:55Z" finished-at="2017-06-13T19:29:55Z">
          <reporter-output>
          </reporter-output>
        </test-method> <!-- beforeMethod -->
        <test-method status="PASS" signature="AfterMethod()[pri:0, instance:testScripts.ReleasePO@587d1d39]" name="AfterMethod" is-config="true" duration-ms="132" started-at="2017-06-13T19:30:03Z" finished-at="2017-06-13T19:30:03Z">
          <reporter-output>
          </reporter-output>
        </test-method> <!-- AfterMethod -->
        <test-method status="PASS" signature="beforeMethod()[pri:0, instance:testScripts.ReleasePO@587d1d39]" name="beforeMethod" is-config="true" duration-ms="0" started-at="2017-06-13T19:30:03Z" finished-at="2017-06-13T19:30:03Z">
          <reporter-output>
          </reporter-output>
        </test-method> <!-- beforeMethod -->
        <test-method status="PASS" signature="savePO()[pri:2, instance:testScripts.ReleasePO@587d1d39]" name="savePO" duration-ms="29107" started-at="2017-06-13T19:30:03Z" finished-at="2017-06-13T19:30:32Z">
          <reporter-output>
          </reporter-output>
        </test-method> <!-- savePO -->
        <test-method status="PASS" signature="AfterMethod()[pri:0, instance:testScripts.ReleasePO@587d1d39]" name="AfterMethod" is-config="true" duration-ms="124" started-at="2017-06-13T19:30:32Z" finished-at="2017-06-13T19:30:32Z">
          <reporter-output>
          </reporter-output>
        </test-method> <!-- AfterMethod -->
        <test-method status="PASS" signature="releasePO()[pri:3, instance:testScripts.ReleasePO@587d1d39]" name="releasePO" duration-ms="78116" started-at="2017-06-13T19:30:32Z" finished-at="2017-06-13T19:31:50Z">
          <reporter-output>
          </reporter-output>
        </test-method> <!-- releasePO -->
        <test-method status="PASS" signature="beforeMethod()[pri:0, instance:testScripts.ReleasePO@587d1d39]" name="beforeMethod" is-config="true" duration-ms="0" started-at="2017-06-13T19:30:32Z" finished-at="2017-06-13T19:30:32Z">
          <reporter-output>
          </reporter-output>
        </test-method> <!-- beforeMethod -->
        <test-method status="PASS" signature="AfterMethod()[pri:0, instance:testScripts.ReleasePO@587d1d39]" name="AfterMethod" is-config="true" duration-ms="53" started-at="2017-06-13T19:31:50Z" finished-at="2017-06-13T19:31:50Z">
          <reporter-output>
          </reporter-output>
        </test-method> <!-- AfterMethod -->
        <test-method status="PASS" signature="beforeMethod()[pri:0, instance:testScripts.ReleasePO@587d1d39]" name="beforeMethod" is-config="true" duration-ms="1" started-at="2017-06-13T19:31:50Z" finished-at="2017-06-13T19:31:50Z">
          <reporter-output>
          </reporter-output>
        </test-method> <!-- beforeMethod -->
        <test-method status="PASS" signature="confirmPO()[pri:4, instance:testScripts.ReleasePO@587d1d39]" name="confirmPO" duration-ms="70027" started-at="2017-06-13T19:31:50Z" finished-at="2017-06-13T19:33:00Z">
          <reporter-output>
          </reporter-output>
        </test-method> <!-- confirmPO -->
        <test-method status="PASS" signature="AfterMethod()[pri:0, instance:testScripts.ReleasePO@587d1d39]" name="AfterMethod" is-config="true" duration-ms="118" started-at="2017-06-13T19:33:00Z" finished-at="2017-06-13T19:33:00Z">
          <reporter-output>
          </reporter-output>
        </test-method> <!-- AfterMethod -->
        <test-method status="PASS" signature="endScript()[pri:0, instance:testScripts.ReleasePO@587d1d39]" name="endScript" is-config="true" duration-ms="270" started-at="2017-06-13T19:33:00Z" finished-at="2017-06-13T19:33:01Z">
          <reporter-output>
          </reporter-output>
        </test-method> <!-- endScript -->
      </class> <!-- testScripts.ReleasePO -->
    </test> <!-- Test4 -->
  </suite> <!-- Suite -->
</testng-results>
