<?xml version="1.0" encoding="UTF-8"?>
<testng-results skipped="0" failed="0" total="3" passed="3">
  <reporter-output>
  </reporter-output>
  <suite name="MySuite" duration-ms="331730" started-at="2017-08-09T08:36:03Z" finished-at="2017-08-09T08:41:35Z">
    <groups>
    </groups>
    <test name="Test1" duration-ms="3" started-at="2017-08-09T08:36:03Z" finished-at="2017-08-09T08:36:03Z">
    </test> <!-- Test1 -->
    <test name="Test2" duration-ms="4919" started-at="2017-08-09T08:36:03Z" finished-at="2017-08-09T08:36:08Z">
      <class name="testScripts.VisionLogin">
        <test-method status="PASS" signature="beforeMethod()[pri:0, instance:testScripts.VisionLogin@32d2fa64]" name="beforeMethod" is-config="true" duration-ms="0" started-at="2017-08-09T14:06:03Z" finished-at="2017-08-09T14:06:03Z">
          <reporter-output>
          </reporter-output>
        </test-method> <!-- beforeMethod -->
        <test-method status="PASS" signature="loginQA(java.lang.String, java.lang.String, java.lang.String, java.lang.String)[pri:0, instance:testScripts.VisionLogin@32d2fa64]" name="loginQA" duration-ms="4752" started-at="2017-08-09T14:06:03Z" finished-at="2017-08-09T14:06:08Z">
          <params>
            <param index="0">
              <value>
                <![CDATA[QA2]]>
              </value>
            </param>
            <param index="1">
              <value>
                <![CDATA[rajput]]>
              </value>
            </param>
            <param index="2">
              <value>
                <![CDATA[1162528169]]>
              </value>
            </param>
            <param index="3">
              <value>
                <![CDATA[YES]]>
              </value>
            </param>
          </params>
          <reporter-output>
          </reporter-output>
        </test-method> <!-- loginQA -->
        <test-method status="PASS" signature="AfterMethod()[pri:0, instance:testScripts.VisionLogin@32d2fa64]" name="AfterMethod" is-config="true" duration-ms="160" started-at="2017-08-09T14:06:08Z" finished-at="2017-08-09T14:06:08Z">
          <reporter-output>
          </reporter-output>
        </test-method> <!-- AfterMethod -->
      </class> <!-- testScripts.VisionLogin -->
    </test> <!-- Test2 -->
    <test name="Test5" duration-ms="135245" started-at="2017-08-09T08:36:08Z" finished-at="2017-08-09T08:38:23Z">
      <class name="testScripts.ThirdPartyProgress">
        <test-method status="PASS" signature="beforeMethod()[pri:0, instance:testScripts.ThirdPartyProgress@6b9651f3]" name="beforeMethod" is-config="true" duration-ms="0" started-at="2017-08-09T14:06:08Z" finished-at="2017-08-09T14:06:08Z">
          <reporter-output>
          </reporter-output>
        </test-method> <!-- beforeMethod -->
        <test-method status="PASS" signature="refresh(java.lang.String)[pri:0, instance:testScripts.ThirdPartyProgress@6b9651f3]" name="refresh" is-config="true" duration-ms="16254" started-at="2017-08-09T14:06:08Z" finished-at="2017-08-09T14:06:24Z">
          <params>
            <param index="0">
              <value>
                <![CDATA[QA2]]>
              </value>
            </param>
          </params>
          <reporter-output>
          </reporter-output>
        </test-method> <!-- refresh -->
        <test-method status="PASS" signature="ThirdPartyProgressTest()[pri:0, instance:testScripts.ThirdPartyProgress@6b9651f3]" name="ThirdPartyProgressTest" duration-ms="118867" started-at="2017-08-09T14:06:24Z" finished-at="2017-08-09T14:08:23Z">
          <reporter-output>
          </reporter-output>
        </test-method> <!-- ThirdPartyProgressTest -->
        <test-method status="PASS" signature="AfterMethod()[pri:0, instance:testScripts.ThirdPartyProgress@6b9651f3]" name="AfterMethod" is-config="true" duration-ms="122" started-at="2017-08-09T14:08:23Z" finished-at="2017-08-09T14:08:23Z">
          <reporter-output>
          </reporter-output>
        </test-method> <!-- AfterMethod -->
      </class> <!-- testScripts.ThirdPartyProgress -->
    </test> <!-- Test5 -->
    <test name="Test6" duration-ms="191506" started-at="2017-08-09T08:38:23Z" finished-at="2017-08-09T08:41:35Z">
      <class name="testScripts.UpfitProgress">
        <test-method status="PASS" signature="startTesting(java.lang.String, java.lang.String, java.lang.String)[pri:0, instance:testScripts.UpfitProgress@1500955a]" name="startTesting" is-config="true" duration-ms="3239" started-at="2017-08-09T14:06:00Z" finished-at="2017-08-09T14:06:03Z">
          <params>
            <param index="0">
              <value>
                <![CDATA[IE]]>
              </value>
            </param>
            <param index="1">
              <value>
                <![CDATA[QA2]]>
              </value>
            </param>
            <param index="2">
              <value>
                <![CDATA[1]]>
              </value>
            </param>
          </params>
          <reporter-output>
          </reporter-output>
        </test-method> <!-- startTesting -->
        <test-method status="PASS" signature="beforeMethod()[pri:0, instance:testScripts.UpfitProgress@1500955a]" name="beforeMethod" is-config="true" duration-ms="0" started-at="2017-08-09T14:08:23Z" finished-at="2017-08-09T14:08:23Z">
          <reporter-output>
          </reporter-output>
        </test-method> <!-- beforeMethod -->
        <test-method status="PASS" signature="refresh(java.lang.String)[pri:0, instance:testScripts.UpfitProgress@1500955a]" name="refresh" is-config="true" duration-ms="1" started-at="2017-08-09T14:08:23Z" finished-at="2017-08-09T14:08:23Z">
          <params>
            <param index="0">
              <value>
                <![CDATA[QA2]]>
              </value>
            </param>
          </params>
          <reporter-output>
          </reporter-output>
        </test-method> <!-- refresh -->
        <test-method status="PASS" signature="UpfitProgressTest()[pri:0, instance:testScripts.UpfitProgress@1500955a]" name="UpfitProgressTest" duration-ms="191384" started-at="2017-08-09T14:08:23Z" finished-at="2017-08-09T14:11:34Z">
          <reporter-output>
          </reporter-output>
        </test-method> <!-- UpfitProgressTest -->
        <test-method status="PASS" signature="AfterMethod()[pri:0, instance:testScripts.UpfitProgress@1500955a]" name="AfterMethod" is-config="true" duration-ms="120" started-at="2017-08-09T14:11:34Z" finished-at="2017-08-09T14:11:35Z">
          <reporter-output>
          </reporter-output>
        </test-method> <!-- AfterMethod -->
        <test-method status="PASS" signature="endScript()[pri:0, instance:testScripts.UpfitProgress@1500955a]" name="endScript" is-config="true" duration-ms="485" started-at="2017-08-09T14:11:35Z" finished-at="2017-08-09T14:11:35Z">
          <reporter-output>
          </reporter-output>
        </test-method> <!-- endScript -->
      </class> <!-- testScripts.UpfitProgress -->
    </test> <!-- Test6 -->
  </suite> <!-- MySuite -->
</testng-results>
